/scratch/vb2386/Documents/nerf-pytorch/venv/lib/python3.8/site-packages/torch/__init__.py:696: UserWarning: torch.set_default_tensor_type() is deprecated as of PyTorch 2.1, please use torch.set_default_dtype() and torch.set_default_device() as alternatives. (Triggered internally at ../torch/csrc/tensor/python_tensor.cpp:451.)
  _C._set_default_tensor_type(t)

  0%|          | 0/200000 [00:00<?, ?it/s]/scratch/vb2386/Documents/nerf-pytorch/venv/lib/python3.8/site-packages/torch/functional.py:507: UserWarning: torch.meshgrid: in an upcoming release, it will be required to pass the indexing argument. (Triggered internally at ../aten/src/ATen/native/TensorShape.cpp:3549.)
  return _VF.meshgrid(tensors, **kwargs)  # type: ignore[attr-defined]

  0%|          | 1/200000 [00:03<183:21:26,  3.30s/it]
  0%|          | 2/200000 [00:03<131:04:48,  2.36s/it]
  0%|          | 3/200000 [00:03<94:15:09,  1.70s/it] 
  0%|          | 4/200000 [00:03<68:26:57,  1.23s/it]
  0%|          | 5/200000 [00:03<50:23:46,  1.10it/s]
  0%|          | 6/200000 [00:04<37:44:29,  1.47it/s]
  0%|          | 7/200000 [00:04<28:53:59,  1.92it/s]
  0%|          | 8/200000 [00:04<22:42:49,  2.45it/s]
  0%|          | 9/200000 [00:04<18:24:00,  3.02it/s]
  0%|          | 10/200000 [00:04<15:22:54,  3.61it/s]
  0%|          | 11/200000 [00:04<13:14:45,  4.19it/s]
  0%|          | 12/200000 [00:04<11:45:30,  4.72it/s]
  0%|          | 13/200000 [00:05<10:43:04,  5.18it/s]
  0%|          | 14/200000 [00:05<9:58:16,  5.57it/s] 
  0%|          | 15/200000 [00:05<9:27:32,  5.87it/s]
  0%|          | 16/200000 [00:05<9:06:36,  6.10it/s]
  0%|          | 17/200000 [00:05<8:51:37,  6.27it/s]
  0%|          | 18/200000 [00:05<8:40:56,  6.40it/s]
  0%|          | 19/200000 [00:05<8:32:42,  6.50it/s]
  0%|          | 20/200000 [00:06<8:27:58,  6.56it/s]
  0%|          | 21/200000 [00:06<8:24:06,  6.61it/s]
  0%|          | 22/200000 [00:06<8:21:10,  6.65it/s]
  0%|          | 23/200000 [00:06<8:21:46,  6.64it/s]
  0%|          | 24/200000 [00:06<8:20:16,  6.66it/s]
  0%|          | 25/200000 [00:06<8:18:35,  6.68it/s]
  0%|          | 26/200000 [00:07<8:21:02,  6.65it/s]
  0%|          | 27/200000 [00:07<8:18:57,  6.68it/s]
  0%|          | 28/200000 [00:07<8:18:05,  6.69it/s]
  0%|          | 29/200000 [00:07<8:17:36,  6.70it/s]
  0%|          | 30/200000 [00:07<8:20:59,  6.65it/s]
  0%|          | 31/200000 [00:07<8:22:20,  6.63it/s]
  0%|          | 32/200000 [00:07<8:19:22,  6.67it/s]
  0%|          | 33/200000 [00:08<8:20:24,  6.66it/s]
  0%|          | 34/200000 [00:08<8:18:44,  6.68it/s]
  0%|          | 35/200000 [00:08<8:17:56,  6.69it/s]
  0%|          | 36/200000 [00:08<8:17:04,  6.70it/s]
  0%|          | 37/200000 [00:08<8:17:00,  6.71it/s]
  0%|          | 38/200000 [00:08<8:16:37,  6.71it/s]
  0%|          | 39/200000 [00:08<8:16:14,  6.72it/s]
  0%|          | 40/200000 [00:09<8:16:51,  6.71it/s]
  0%|          | 41/200000 [00:09<8:16:40,  6.71it/s]
  0%|          | 42/200000 [00:09<8:16:08,  6.72it/s]
  0%|          | 43/200000 [00:09<8:15:18,  6.73it/s]
  0%|          | 44/200000 [00:09<8:15:46,  6.72it/s]
  0%|          | 45/200000 [00:09<8:15:14,  6.73it/s]
  0%|          | 46/200000 [00:10<8:15:08,  6.73it/s]
  0%|          | 47/200000 [00:10<8:14:32,  6.74it/s]
  0%|          | 48/200000 [00:10<8:14:46,  6.74it/s]
  0%|          | 49/200000 [00:10<8:14:39,  6.74it/s]
  0%|          | 50/200000 [00:10<8:14:39,  6.74it/s]
  0%|          | 51/200000 [00:10<8:15:26,  6.73it/s]
  0%|          | 52/200000 [00:10<8:15:23,  6.73it/s]
  0%|          | 53/200000 [00:11<8:14:45,  6.74it/s]
  0%|          | 54/200000 [00:11<8:15:37,  6.72it/s]
  0%|          | 55/200000 [00:11<8:16:01,  6.72it/s]
  0%|          | 56/200000 [00:11<8:16:11,  6.72it/s]
  0%|          | 57/200000 [00:11<8:16:10,  6.72it/s]
  0%|          | 58/200000 [00:11<8:15:45,  6.72it/s]
  0%|          | 59/200000 [00:11<8:19:29,  6.67it/s]
  0%|          | 60/200000 [00:12<8:18:31,  6.68it/s]
  0%|          | 61/200000 [00:12<8:19:07,  6.68it/s]
  0%|          | 62/200000 [00:12<8:18:13,  6.69it/s]
  0%|          | 63/200000 [00:12<8:16:59,  6.71it/s]
  0%|          | 64/200000 [00:12<8:20:42,  6.66it/s]
  0%|          | 65/200000 [00:12<8:18:52,  6.68it/s]
  0%|          | 66/200000 [00:13<8:18:12,  6.69it/s]
  0%|          | 67/200000 [00:13<8:17:18,  6.70it/s]
  0%|          | 68/200000 [00:13<8:17:27,  6.70it/s]
  0%|          | 69/200000 [00:13<8:17:19,  6.70it/s]
  0%|          | 70/200000 [00:13<8:19:25,  6.67it/s]
  0%|          | 71/200000 [00:13<8:18:36,  6.68it/s]
  0%|          | 72/200000 [00:13<8:17:18,  6.70it/s]
  0%|          | 73/200000 [00:14<8:16:16,  6.71it/s]
  0%|          | 74/200000 [00:14<8:16:44,  6.71it/s]
  0%|          | 75/200000 [00:14<8:17:12,  6.70it/s]
  0%|          | 76/200000 [00:14<8:17:28,  6.70it/s]
  0%|          | 77/200000 [00:14<8:20:32,  6.66it/s]
  0%|          | 78/200000 [00:14<8:19:41,  6.67it/s]
  0%|          | 79/200000 [00:15<10:00:55,  5.54it/s]
  0%|          | 80/200000 [00:15<9:29:35,  5.85it/s] 
  0%|          | 81/200000 [00:15<9:07:56,  6.08it/s]
  0%|          | 82/200000 [00:15<8:52:30,  6.26it/s]
  0%|          | 83/200000 [00:15<8:41:30,  6.39it/s]
  0%|          | 84/200000 [00:15<8:34:11,  6.48it/s]
  0%|          | 85/200000 [00:15<8:28:19,  6.55it/s]
  0%|          | 86/200000 [00:16<8:27:37,  6.56it/s]
  0%|          | 87/200000 [00:16<8:24:03,  6.61it/s]
  0%|          | 88/200000 [00:16<8:22:10,  6.63it/s]
  0%|          | 89/200000 [00:16<8:20:00,  6.66it/s]
  0%|          | 90/200000 [00:16<8:18:32,  6.68it/s]
  0%|          | 91/200000 [00:16<8:18:02,  6.69it/s]
  0%|          | 92/200000 [00:16<8:17:16,  6.70it/s]
  0%|          | 93/200000 [00:17<8:16:36,  6.71it/s]
  0%|          | 94/200000 [00:17<8:16:12,  6.71it/s]
  0%|          | 95/200000 [00:17<8:15:54,  6.72it/s]
  0%|          | 96/200000 [00:17<8:15:41,  6.72it/s]
  0%|          | 97/200000 [00:17<8:15:35,  6.72it/s]
  0%|          | 98/200000 [00:17<8:15:28,  6.72it/s]
  0%|          | 99/200000 [00:18<8:15:33,  6.72it/s]
  0%|          | 100/200000 [00:18<8:34:02,  6.48it/s]
  0%|          | 101/200000 [00:18<8:28:40,  6.55it/s]
  0%|          | 102/200000 [00:18<8:25:08,  6.60it/s]
  0%|          | 103/200000 [00:18<8:22:22,  6.63it/s]
  0%|          | 104/200000 [00:18<8:20:25,  6.66it/s]
  0%|          | 105/200000 [00:18<8:18:52,  6.68it/s]
  0%|          | 106/200000 [00:19<8:17:25,  6.70it/s]
  0%|          | 107/200000 [00:19<8:16:17,  6.71it/s]
  0%|          | 108/200000 [00:19<8:16:00,  6.72it/s]
  0%|          | 109/200000 [00:19<8:15:11,  6.73it/s]
  0%|          | 110/200000 [00:19<8:15:37,  6.72it/s]
  0%|          | 111/200000 [00:19<8:15:33,  6.72it/s]
  0%|          | 112/200000 [00:19<8:15:27,  6.72it/s]
  0%|          | 113/200000 [00:20<8:15:37,  6.72it/s]
  0%|          | 114/200000 [00:20<8:15:15,  6.73it/s]
  0%|          | 115/200000 [00:20<8:15:46,  6.72it/s]
  0%|          | 116/200000 [00:20<8:15:29,  6.72it/s]
  0%|          | 117/200000 [00:20<8:15:33,  6.72it/s]
  0%|          | 118/200000 [00:20<8:16:46,  6.71it/s]
  0%|          | 119/200000 [00:21<8:17:35,  6.69it/s]
  0%|          | 120/200000 [00:21<8:18:46,  6.68it/s]
  0%|          | 121/200000 [00:21<8:19:47,  6.67it/s]
  0%|          | 122/200000 [00:21<8:19:47,  6.67it/s]
  0%|          | 123/200000 [00:21<8:19:18,  6.67it/s]
  0%|          | 124/200000 [00:21<8:18:41,  6.68it/s]
  0%|          | 125/200000 [00:21<8:18:01,  6.69it/s]
  0%|          | 126/200000 [00:22<8:17:46,  6.69it/s]
  0%|          | 127/200000 [00:22<8:17:46,  6.69it/s]
  0%|          | 128/200000 [00:22<8:17:22,  6.70it/s]
  0%|          | 129/200000 [00:22<8:16:57,  6.70it/s]
  0%|          | 130/200000 [00:22<8:16:51,  6.70it/s]
  0%|          | 131/200000 [00:22<8:16:58,  6.70it/s]
  0%|          | 132/200000 [00:22<8:16:50,  6.70it/s]
  0%|          | 133/200000 [00:23<8:16:37,  6.71it/s]
  0%|          | 134/200000 [00:23<8:16:39,  6.71it/s]
  0%|          | 135/200000 [00:23<8:16:36,  6.71it/s]
  0%|          | 136/200000 [00:23<8:16:41,  6.71it/s]
  0%|          | 137/200000 [00:23<8:16:57,  6.70it/s]
  0%|          | 138/200000 [00:23<8:17:02,  6.70it/s]
  0%|          | 139/200000 [00:24<8:16:41,  6.71it/s]
  0%|          | 140/200000 [00:24<8:16:28,  6.71it/s]
  0%|          | 141/200000 [00:24<8:16:36,  6.71it/s]
  0%|          | 142/200000 [00:24<8:16:37,  6.71it/s]
  0%|          | 143/200000 [00:24<8:16:24,  6.71it/s]
  0%|          | 144/200000 [00:24<8:16:32,  6.71it/s]
  0%|          | 145/200000 [00:24<8:16:33,  6.71it/s]
  0%|          | 146/200000 [00:25<8:16:31,  6.71it/s]
  0%|          | 147/200000 [00:25<8:16:44,  6.71it/s]
  0%|          | 148/200000 [00:25<8:16:35,  6.71it/s]
  0%|          | 149/200000 [00:25<8:16:00,  6.72it/s]
  0%|          | 150/200000 [00:25<8:16:07,  6.71it/s]
  0%|          | 151/200000 [00:25<8:19:38,  6.67it/s]
  0%|          | 152/200000 [00:25<8:18:46,  6.68it/s]
  0%|          | 153/200000 [00:26<8:18:08,  6.69it/s]
  0%|          | 154/200000 [00:26<8:17:46,  6.69it/s]
  0%|          | 155/200000 [00:26<8:17:35,  6.69it/s]
  0%|          | 156/200000 [00:26<8:17:20,  6.70it/s]
  0%|          | 157/200000 [00:26<8:16:52,  6.70it/s]
  0%|          | 158/200000 [00:26<8:17:02,  6.70it/s]
  0%|          | 159/200000 [00:27<8:16:41,  6.71it/s]
  0%|          | 160/200000 [00:27<8:16:20,  6.71it/s]
  0%|          | 161/200000 [00:27<8:16:43,  6.71it/s]
  0%|          | 162/200000 [00:27<8:17:03,  6.70it/s]
  0%|          | 163/200000 [00:27<8:17:31,  6.69it/s]
  0%|          | 164/200000 [00:27<8:17:12,  6.70it/s]
  0%|          | 165/200000 [00:27<8:17:10,  6.70it/s]
  0%|          | 166/200000 [00:28<8:16:48,  6.70it/s]
  0%|          | 167/200000 [00:28<8:16:36,  6.71it/s]
  0%|          | 168/200000 [00:28<8:16:45,  6.70it/s]
  0%|          | 169/200000 [00:28<8:16:53,  6.70it/s]
  0%|          | 170/200000 [00:28<8:16:52,  6.70it/s]
  0%|          | 171/200000 [00:28<8:16:52,  6.70it/s]
  0%|          | 172/200000 [00:28<8:17:29,  6.69it/s]
  0%|          | 173/200000 [00:29<8:17:07,  6.70it/s]
  0%|          | 174/200000 [00:29<8:16:48,  6.70it/s]
  0%|          | 175/200000 [00:29<8:17:09,  6.70it/s]
  0%|          | 176/200000 [00:29<8:16:58,  6.70it/s]
  0%|          | 177/200000 [00:29<8:16:30,  6.71it/s]
  0%|          | 178/200000 [00:29<8:16:36,  6.71it/s]
  0%|          | 179/200000 [00:29<8:16:35,  6.71it/s]
  0%|          | 180/200000 [00:30<8:16:38,  6.71it/s]
  0%|          | 181/200000 [00:30<8:17:05,  6.70it/s]
  0%|          | 182/200000 [00:30<8:17:39,  6.69it/s]
  0%|          | 183/200000 [00:30<8:17:34,  6.69it/s]
  0%|          | 184/200000 [00:30<8:17:16,  6.70it/s]
  0%|          | 185/200000 [00:30<8:17:34,  6.69it/s]
  0%|          | 186/200000 [00:31<8:17:31,  6.69it/s]
  0%|          | 187/200000 [00:31<8:17:03,  6.70it/s]
  0%|          | 188/200000 [00:31<8:17:00,  6.70it/s]
  0%|          | 189/200000 [00:31<8:17:03,  6.70it/s]
  0%|          | 190/200000 [00:31<8:16:50,  6.70it/s]
  0%|          | 191/200000 [00:31<8:16:41,  6.70it/s]
  0%|          | 192/200000 [00:31<8:17:09,  6.70it/s]
  0%|          | 193/200000 [00:32<8:17:08,  6.70it/s]
  0%|          | 194/200000 [00:32<8:16:56,  6.70it/s]
  0%|          | 195/200000 [00:32<8:17:57,  6.69it/s]
  0%|          | 196/200000 [00:32<8:18:05,  6.69it/s]
  0%|          | 197/200000 [00:32<8:17:57,  6.69it/s]
  0%|          | 198/200000 [00:32<8:17:20,  6.70it/s]
  0%|          | 199/200000 [00:32<8:17:30,  6.69it/s]
  0%|          | 200/200000 [00:33<8:31:37,  6.51it/s]
  0%|          | 201/200000 [00:33<8:27:07,  6.57it/s]
  0%|          | 202/200000 [00:33<8:24:27,  6.60it/s]
  0%|          | 203/200000 [00:33<8:22:02,  6.63it/s]
  0%|          | 204/200000 [00:33<8:20:23,  6.65it/s]
  0%|          | 205/200000 [00:33<8:19:04,  6.67it/s]
  0%|          | 206/200000 [00:34<8:18:00,  6.69it/s]
  0%|          | 207/200000 [00:34<8:17:30,  6.69it/s]
  0%|          | 208/200000 [00:34<8:17:21,  6.70it/s]
  0%|          | 209/200000 [00:34<8:17:14,  6.70it/s]
  0%|          | 210/200000 [00:34<8:17:02,  6.70it/s]
  0%|          | 211/200000 [00:34<8:16:25,  6.71it/s]
  0%|          | 212/200000 [00:34<8:16:48,  6.70it/s]
  0%|          | 213/200000 [00:35<8:17:21,  6.69it/s]
  0%|          | 214/200000 [00:35<8:17:33,  6.69it/s]
  0%|          | 215/200000 [00:35<8:17:17,  6.70it/s]
  0%|          | 216/200000 [00:35<8:20:33,  6.65it/s]
  0%|          | 217/200000 [00:35<8:21:42,  6.64it/s]
  0%|          | 218/200000 [00:35<8:23:21,  6.62it/s]
  0%|          | 219/200000 [00:35<8:21:03,  6.65it/s]
  0%|          | 220/200000 [00:36<8:20:07,  6.66it/s]
  0%|          | 221/200000 [00:36<8:18:50,  6.67it/s]
  0%|          | 222/200000 [00:36<8:17:48,  6.69it/s]
  0%|          | 223/200000 [00:36<8:17:35,  6.69it/s]
  0%|          | 224/200000 [00:36<8:16:59,  6.70it/s]
  0%|          | 225/200000 [00:36<8:16:38,  6.70it/s]
  0%|          | 226/200000 [00:37<8:16:20,  6.71it/s]
  0%|          | 227/200000 [00:37<8:16:37,  6.70it/s]
  0%|          | 228/200000 [00:37<8:19:55,  6.66it/s]
  0%|          | 229/200000 [00:37<8:19:44,  6.66it/s]
  0%|          | 230/200000 [00:37<8:20:08,  6.66it/s]
  0%|          | 231/200000 [00:37<8:20:20,  6.65it/s]
  0%|          | 232/200000 [00:37<8:20:52,  6.65it/s]
  0%|          | 233/200000 [00:38<8:24:03,  6.61it/s]
  0%|          | 234/200000 [00:38<8:22:35,  6.62it/s]
  0%|          | 235/200000 [00:38<8:21:45,  6.64it/s]
  0%|          | 236/200000 [00:38<8:23:07,  6.62it/s]
  0%|          | 237/200000 [00:38<8:23:40,  6.61it/s]
  0%|          | 238/200000 [00:38<8:21:28,  6.64it/s]
  0%|          | 239/200000 [00:38<8:20:27,  6.65it/s]
  0%|          | 240/200000 [00:39<8:19:49,  6.66it/s]
  0%|          | 241/200000 [00:39<8:20:44,  6.65it/s]
  0%|          | 242/200000 [00:39<8:20:11,  6.66it/s]
  0%|          | 243/200000 [00:39<8:22:15,  6.63it/s]
  0%|          | 244/200000 [00:39<8:23:51,  6.61it/s]
  0%|          | 245/200000 [00:39<8:22:00,  6.63it/s]
  0%|          | 246/200000 [00:40<8:20:38,  6.65it/s]
  0%|          | 247/200000 [00:40<8:19:39,  6.66it/s]
  0%|          | 248/200000 [00:40<8:19:19,  6.67it/s]
  0%|          | 249/200000 [00:40<8:18:52,  6.67it/s]
  0%|          | 250/200000 [00:40<8:17:36,  6.69it/s]
  0%|          | 251/200000 [00:40<8:17:29,  6.69it/s]
  0%|          | 252/200000 [00:40<8:17:20,  6.69it/s]
  0%|          | 253/200000 [00:41<8:16:44,  6.70it/s]
  0%|          | 254/200000 [00:41<8:16:24,  6.71it/s]
  0%|          | 255/200000 [00:41<8:15:58,  6.71it/s]
  0%|          | 256/200000 [00:41<8:15:37,  6.72it/s]
  0%|          | 257/200000 [00:41<8:14:29,  6.73it/s]
  0%|          | 258/200000 [00:41<8:14:58,  6.73it/s]
  0%|          | 259/200000 [00:41<8:15:07,  6.72it/s]
  0%|          | 260/200000 [00:42<8:13:50,  6.74it/s]
  0%|          | 261/200000 [00:42<8:13:31,  6.75it/s]
  0%|          | 262/200000 [00:42<8:14:20,  6.73it/s]
  0%|          | 263/200000 [00:42<8:13:36,  6.74it/s]
  0%|          | 264/200000 [00:42<8:13:19,  6.75it/s]
  0%|          | 265/200000 [00:42<8:14:06,  6.74it/s]
  0%|          | 266/200000 [00:43<8:13:32,  6.74it/s]
  0%|          | 267/200000 [00:43<8:12:53,  6.75it/s]
  0%|          | 268/200000 [00:43<8:13:30,  6.75it/s]
  0%|          | 269/200000 [00:43<8:13:13,  6.75it/s]
  0%|          | 270/200000 [00:43<8:13:05,  6.75it/s]
  0%|          | 271/200000 [00:43<8:13:32,  6.74it/s]
  0%|          | 272/200000 [00:43<8:14:11,  6.74it/s]
  0%|          | 273/200000 [00:44<8:17:39,  6.69it/s]
  0%|          | 274/200000 [00:44<8:15:31,  6.72it/s]
  0%|          | 275/200000 [00:44<8:13:53,  6.74it/s]
  0%|          | 276/200000 [00:44<8:15:55,  6.71it/s]
  0%|          | 277/200000 [00:44<8:14:28,  6.73it/s]
  0%|          | 278/200000 [00:44<8:13:17,  6.75it/s]
  0%|          | 279/200000 [00:44<8:12:40,  6.76it/s]
  0%|          | 280/200000 [00:45<8:14:49,  6.73it/s]
  0%|          | 281/200000 [00:45<8:13:39,  6.74it/s]
  0%|          | 282/200000 [00:45<8:14:28,  6.73it/s]
  0%|          | 283/200000 [00:45<8:14:14,  6.73it/s]
  0%|          | 284/200000 [00:45<8:15:45,  6.71it/s]
  0%|          | 285/200000 [00:45<8:14:10,  6.74it/s]
  0%|          | 286/200000 [00:45<8:13:33,  6.74it/s]
  0%|          | 287/200000 [00:46<8:12:56,  6.75it/s]
  0%|          | 288/200000 [00:46<8:12:16,  6.76it/s]
  0%|          | 289/200000 [00:46<8:11:47,  6.77it/s]
  0%|          | 290/200000 [00:46<8:12:09,  6.76it/s]
  0%|          | 291/200000 [00:46<8:14:03,  6.74it/s]
  0%|          | 292/200000 [00:46<8:13:02,  6.75it/s]
  0%|          | 293/200000 [00:47<8:14:04,  6.74it/s]
  0%|          | 294/200000 [00:47<8:13:58,  6.74it/s]
  0%|          | 295/200000 [00:47<8:13:25,  6.75it/s]
  0%|          | 296/200000 [00:47<8:12:52,  6.75it/s]
  0%|          | 297/200000 [00:47<8:12:43,  6.76it/s]
  0%|          | 298/200000 [00:47<8:12:02,  6.76it/s]
  0%|          | 299/200000 [00:47<8:11:45,  6.77it/s]
  0%|          | 300/200000 [00:48<8:26:45,  6.57it/s]
  0%|          | 301/200000 [00:48<8:22:30,  6.62it/s]
  0%|          | 302/200000 [00:48<8:18:50,  6.67it/s]
  0%|          | 303/200000 [00:48<8:16:36,  6.70it/s]
  0%|          | 304/200000 [00:48<8:15:18,  6.72it/s]
  0%|          | 305/200000 [00:48<8:13:54,  6.74it/s]
  0%|          | 306/200000 [00:48<8:12:48,  6.75it/s]
  0%|          | 307/200000 [00:49<8:12:46,  6.75it/s]
  0%|          | 308/200000 [00:49<8:12:19,  6.76it/s]
  0%|          | 309/200000 [00:49<8:11:52,  6.77it/s]
  0%|          | 310/200000 [00:49<8:11:34,  6.77it/s]
  0%|          | 311/200000 [00:49<8:11:40,  6.77it/s]
  0%|          | 312/200000 [00:49<8:11:23,  6.77it/s]
  0%|          | 313/200000 [00:49<8:13:49,  6.74it/s]
  0%|          | 314/200000 [00:50<8:12:37,  6.76it/s]
  0%|          | 315/200000 [00:50<8:11:52,  6.77it/s]
  0%|          | 316/200000 [00:50<8:11:19,  6.77it/s]
  0%|          | 317/200000 [00:50<8:10:52,  6.78it/s]
  0%|          | 318/200000 [00:50<8:10:49,  6.78it/s]
  0%|          | 319/200000 [00:50<8:11:56,  6.76it/s]
  0%|          | 320/200000 [00:51<8:11:24,  6.77it/s]
  0%|          | 321/200000 [00:51<8:11:01,  6.78it/s]
  0%|          | 322/200000 [00:51<8:10:48,  6.78it/s]
  0%|          | 323/200000 [00:51<8:10:39,  6.78it/s]
  0%|          | 324/200000 [00:51<8:10:23,  6.79it/s]
  0%|          | 325/200000 [00:51<8:10:15,  6.79it/s]
  0%|          | 326/200000 [00:51<8:10:05,  6.79it/s]
  0%|          | 327/200000 [00:52<8:10:02,  6.79it/s]
  0%|          | 328/200000 [00:52<8:10:01,  6.79it/s]
  0%|          | 329/200000 [00:52<8:09:58,  6.79it/s]
  0%|          | 330/200000 [00:52<8:09:52,  6.79it/s]
  0%|          | 331/200000 [00:52<8:10:12,  6.79it/s]
  0%|          | 332/200000 [00:52<8:10:03,  6.79it/s]
  0%|          | 333/200000 [00:52<8:09:58,  6.79it/s]
  0%|          | 334/200000 [00:53<8:10:01,  6.79it/s]
  0%|          | 335/200000 [00:53<8:10:38,  6.78it/s]
  0%|          | 336/200000 [00:53<8:11:37,  6.77it/s]
  0%|          | 337/200000 [00:53<8:11:07,  6.78it/s]
  0%|          | 338/200000 [00:53<8:10:29,  6.78it/s]
  0%|          | 339/200000 [00:53<8:10:06,  6.79it/s]
  0%|          | 340/200000 [00:53<8:09:49,  6.79it/s]
  0%|          | 341/200000 [00:54<8:10:27,  6.78it/s]
  0%|          | 342/200000 [00:54<8:11:27,  6.77it/s]
  0%|          | 343/200000 [00:54<8:12:17,  6.76it/s]
  0%|          | 344/200000 [00:54<8:13:20,  6.75it/s]
  0%|          | 345/200000 [00:54<8:13:17,  6.75it/s]
  0%|          | 346/200000 [00:54<8:12:53,  6.75it/s]
  0%|          | 347/200000 [00:55<8:12:23,  6.76it/s]
  0%|          | 348/200000 [00:55<8:11:49,  6.77it/s]
  0%|          | 349/200000 [00:55<8:11:02,  6.78it/s]
  0%|          | 350/200000 [00:55<8:11:05,  6.78it/s]
  0%|          | 351/200000 [00:55<8:10:50,  6.78it/s]
  0%|          | 352/200000 [00:55<8:13:40,  6.74it/s]
  0%|          | 353/200000 [00:55<8:12:37,  6.75it/s]
  0%|          | 354/200000 [00:56<8:12:06,  6.76it/s]
  0%|          | 355/200000 [00:56<8:12:44,  6.75it/s]
  0%|          | 356/200000 [00:56<8:12:12,  6.76it/s]
  0%|          | 357/200000 [00:56<8:11:50,  6.77it/s]
  0%|          | 358/200000 [00:56<8:12:55,  6.75it/s]
  0%|          | 359/200000 [00:56<8:12:11,  6.76it/s]
  0%|          | 360/200000 [00:56<8:11:41,  6.77it/s]
  0%|          | 361/200000 [00:57<8:11:39,  6.77it/s]
  0%|          | 362/200000 [00:57<8:12:29,  6.76it/s]
  0%|          | 363/200000 [00:57<8:11:53,  6.76it/s]
  0%|          | 364/200000 [00:57<8:11:45,  6.77it/s]
  0%|          | 365/200000 [00:57<8:12:37,  6.75it/s]
  0%|          | 366/200000 [00:57<8:14:13,  6.73it/s]
  0%|          | 367/200000 [00:57<8:12:55,  6.75it/s]
  0%|          | 368/200000 [00:58<8:14:45,  6.72it/s]
  0%|          | 369/200000 [00:58<8:13:07,  6.75it/s]
  0%|          | 370/200000 [00:58<8:12:12,  6.76it/s]
  0%|          | 371/200000 [00:58<8:15:00,  6.72it/s]
  0%|          | 372/200000 [00:58<8:14:54,  6.72it/s]
  0%|          | 373/200000 [00:58<8:13:25,  6.74it/s]
  0%|          | 374/200000 [00:59<8:14:53,  6.72it/s]
  0%|          | 375/200000 [00:59<8:13:29,  6.74it/s]
  0%|          | 376/200000 [00:59<8:13:05,  6.75it/s]
  0%|          | 377/200000 [00:59<8:13:28,  6.74it/s]
  0%|          | 378/200000 [00:59<8:13:11,  6.75it/s]
  0%|          | 379/200000 [00:59<8:12:05,  6.76it/s]
  0%|          | 380/200000 [00:59<8:12:44,  6.75it/s]
  0%|          | 381/200000 [01:00<8:12:41,  6.75it/s]
  0%|          | 382/200000 [01:00<8:11:53,  6.76it/s]
  0%|          | 383/200000 [01:00<8:12:54,  6.75it/s]
  0%|          | 384/200000 [01:00<8:12:21,  6.76it/s]
  0%|          | 385/200000 [01:00<8:15:16,  6.72it/s]
  0%|          | 386/200000 [01:00<8:16:20,  6.70it/s]
  0%|          | 387/200000 [01:00<8:14:03,  6.73it/s]
  0%|          | 388/200000 [01:01<8:13:09,  6.75it/s]
  0%|          | 389/200000 [01:01<8:12:17,  6.76it/s]
  0%|          | 390/200000 [01:01<8:13:47,  6.74it/s]
  0%|          | 391/200000 [01:01<8:12:30,  6.75it/s]
  0%|          | 392/200000 [01:01<8:11:56,  6.76it/s]
  0%|          | 393/200000 [01:01<8:11:13,  6.77it/s]
  0%|          | 394/200000 [01:01<8:12:19,  6.76it/s]
  0%|          | 395/200000 [01:02<8:12:05,  6.76it/s]
  0%|          | 396/200000 [01:02<8:11:35,  6.77it/s]
  0%|          | 397/200000 [01:02<8:10:57,  6.78it/s]
  0%|          | 398/200000 [01:02<8:10:47,  6.78it/s]
  0%|          | 399/200000 [01:02<8:10:41,  6.78it/s]
  0%|          | 400/200000 [01:02<8:26:12,  6.57it/s]
  0%|          | 401/200000 [01:03<8:21:36,  6.63it/s]
  0%|          | 402/200000 [01:03<8:18:42,  6.67it/s]
  0%|          | 403/200000 [01:03<8:16:08,  6.70it/s]
  0%|          | 404/200000 [01:03<8:15:44,  6.71it/s]
  0%|          | 405/200000 [01:03<8:14:30,  6.73it/s]
  0%|          | 406/200000 [01:03<8:13:21,  6.74it/s]
  0%|          | 407/200000 [01:03<8:13:37,  6.74it/s]
  0%|          | 408/200000 [01:04<8:12:32,  6.75it/s]
  0%|          | 409/200000 [01:04<8:15:45,  6.71it/s]
  0%|          | 410/200000 [01:04<8:14:24,  6.73it/s]
  0%|          | 411/200000 [01:04<8:12:56,  6.75it/s]
  0%|          | 412/200000 [01:04<8:12:15,  6.76it/s]
  0%|          | 413/200000 [01:04<8:11:46,  6.76it/s]
  0%|          | 414/200000 [01:04<8:11:06,  6.77it/s]
  0%|          | 415/200000 [01:05<8:10:37,  6.78it/s]
  0%|          | 416/200000 [01:05<8:10:36,  6.78it/s]
  0%|          | 417/200000 [01:05<8:10:23,  6.78it/s]
  0%|          | 418/200000 [01:05<8:11:38,  6.77it/s]
  0%|          | 419/200000 [01:05<8:11:35,  6.77it/s]
  0%|          | 420/200000 [01:05<8:11:20,  6.77it/s]
  0%|          | 421/200000 [01:05<8:13:18,  6.74it/s]
  0%|          | 422/200000 [01:06<8:12:58,  6.75it/s]
  0%|          | 423/200000 [01:06<8:12:34,  6.75it/s]
  0%|          | 424/200000 [01:06<8:11:41,  6.76it/s]
  0%|          | 425/200000 [01:06<8:10:58,  6.77it/s]
  0%|          | 426/200000 [01:06<8:10:31,  6.78it/s]
  0%|          | 427/200000 [01:06<8:10:14,  6.78it/s]
  0%|          | 428/200000 [01:07<8:10:01,  6.79it/s]
  0%|          | 429/200000 [01:07<8:09:48,  6.79it/s]
  0%|          | 430/200000 [01:07<8:11:01,  6.77it/s]
  0%|          | 431/200000 [01:07<8:10:37,  6.78it/s]
  0%|          | 432/200000 [01:07<8:10:05,  6.79it/s]
  0%|          | 433/200000 [01:07<8:09:53,  6.79it/s]
  0%|          | 434/200000 [01:07<8:11:01,  6.77it/s]
  0%|          | 435/200000 [01:08<8:10:28,  6.78it/s]
  0%|          | 436/200000 [01:08<8:10:26,  6.78it/s]
  0%|          | 437/200000 [01:08<8:13:06,  6.75it/s]
  0%|          | 438/200000 [01:08<8:13:27,  6.74it/s]
  0%|          | 439/200000 [01:08<8:12:28,  6.75it/s]
  0%|          | 440/200000 [01:08<8:12:42,  6.75it/s]
  0%|          | 441/200000 [01:08<8:12:19,  6.76it/s]
  0%|          | 442/200000 [01:09<8:11:18,  6.77it/s]
  0%|          | 443/200000 [01:09<8:10:33,  6.78it/s]
  0%|          | 444/200000 [01:09<8:09:55,  6.79it/s]
  0%|          | 445/200000 [01:09<8:09:24,  6.80it/s]
  0%|          | 446/200000 [01:09<8:09:16,  6.80it/s]
  0%|          | 447/200000 [01:09<8:09:16,  6.80it/s]
  0%|          | 448/200000 [01:09<8:09:05,  6.80it/s]
  0%|          | 449/200000 [01:10<8:08:55,  6.80it/s]
  0%|          | 450/200000 [01:10<8:08:47,  6.80it/s]
  0%|          | 451/200000 [01:10<8:08:53,  6.80it/s]
  0%|          | 452/200000 [01:10<8:09:18,  6.80it/s]
  0%|          | 453/200000 [01:10<8:09:45,  6.79it/s]
  0%|          | 454/200000 [01:10<8:12:49,  6.75it/s]
  0%|          | 455/200000 [01:10<8:13:14,  6.74it/s]
  0%|          | 456/200000 [01:11<8:13:47,  6.74it/s]
  0%|          | 457/200000 [01:11<8:15:28,  6.71it/s]
  0%|          | 458/200000 [01:11<8:14:40,  6.72it/s]
  0%|          | 459/200000 [01:11<8:13:38,  6.74it/s]
  0%|          | 460/200000 [01:11<8:12:38,  6.75it/s]
  0%|          | 461/200000 [01:11<8:11:43,  6.76it/s]
  0%|          | 462/200000 [01:12<8:12:49,  6.75it/s]
  0%|          | 463/200000 [01:12<8:12:35,  6.75it/s]
  0%|          | 464/200000 [01:12<8:11:41,  6.76it/s]
  0%|          | 465/200000 [01:12<8:11:02,  6.77it/s]
  0%|          | 466/200000 [01:12<8:10:58,  6.77it/s]
  0%|          | 467/200000 [01:12<8:10:53,  6.77it/s]
  0%|          | 468/200000 [01:12<8:11:51,  6.76it/s]
  0%|          | 469/200000 [01:13<8:11:32,  6.77it/s]
  0%|          | 470/200000 [01:13<8:11:30,  6.77it/s]
  0%|          | 471/200000 [01:13<8:11:06,  6.77it/s]
  0%|          | 472/200000 [01:13<8:10:31,  6.78it/s]
  0%|          | 473/200000 [01:13<8:10:30,  6.78it/s]
  0%|          | 474/200000 [01:13<8:10:19,  6.78it/s]
  0%|          | 475/200000 [01:13<8:10:08,  6.78it/s]
  0%|          | 476/200000 [01:14<8:10:03,  6.79it/s]
  0%|          | 477/200000 [01:14<8:11:54,  6.76it/s]
  0%|          | 478/200000 [01:14<8:11:40,  6.76it/s]
  0%|          | 479/200000 [01:14<8:10:53,  6.77it/s]
  0%|          | 480/200000 [01:14<8:10:51,  6.77it/s]
  0%|          | 481/200000 [01:14<8:11:58,  6.76it/s]
  0%|          | 482/200000 [01:14<8:11:57,  6.76it/s]
  0%|          | 483/200000 [01:15<8:11:16,  6.77it/s]
  0%|          | 484/200000 [01:15<8:11:01,  6.77it/s]
  0%|          | 485/200000 [01:15<8:10:40,  6.78it/s]
  0%|          | 486/200000 [01:15<8:11:45,  6.76it/s]
  0%|          | 487/200000 [01:15<8:11:52,  6.76it/s]
  0%|          | 488/200000 [01:15<8:11:19,  6.77it/s]
  0%|          | 489/200000 [01:16<8:10:35,  6.78it/s]
  0%|          | 490/200000 [01:16<8:10:27,  6.78it/s]
  0%|          | 491/200000 [01:16<8:10:35,  6.78it/s]
  0%|          | 492/200000 [01:16<8:11:41,  6.76it/s]
  0%|          | 493/200000 [01:16<8:11:16,  6.77it/s]
  0%|          | 494/200000 [01:16<8:10:57,  6.77it/s]
  0%|          | 495/200000 [01:16<8:10:46,  6.78it/s]
  0%|          | 496/200000 [01:17<8:10:23,  6.78it/s]
  0%|          | 497/200000 [01:17<8:10:19,  6.78it/s]
  0%|          | 498/200000 [01:17<8:10:22,  6.78it/s]
  0%|          | 499/200000 [01:17<8:11:28,  6.77it/s]
  0%|          | 500/200000 [01:17<8:31:18,  6.50it/s]
  0%|          | 501/200000 [01:17<8:31:39,  6.50it/s]
  0%|          | 502/200000 [01:17<8:29:41,  6.52it/s]
  0%|          | 503/200000 [01:18<8:28:38,  6.54it/s]
  0%|          | 504/200000 [01:18<8:29:55,  6.52it/s]
  0%|          | 505/200000 [01:18<8:29:28,  6.53it/s]
  0%|          | 506/200000 [01:18<8:29:53,  6.52it/s]
  0%|          | 507/200000 [01:18<8:29:59,  6.52it/s]
  0%|          | 508/200000 [01:18<8:29:33,  6.53it/s]
  0%|          | 509/200000 [01:19<8:28:23,  6.54it/s]
  0%|          | 510/200000 [01:19<8:27:29,  6.55it/s]
  0%|          | 511/200000 [01:19<8:28:49,  6.53it/s]
  0%|          | 512/200000 [01:19<8:28:33,  6.54it/s]
  0%|          | 513/200000 [01:19<8:28:10,  6.54it/s]
  0%|          | 514/200000 [01:19<8:27:50,  6.55it/s]
  0%|          | 515/200000 [01:19<8:27:44,  6.55it/s]
  0%|          | 516/200000 [01:20<8:27:09,  6.56it/s]
  0%|          | 517/200000 [01:20<8:27:38,  6.55it/s]
  0%|          | 518/200000 [01:20<8:31:36,  6.50it/s]
  0%|          | 519/200000 [01:20<8:31:01,  6.51it/s]
  0%|          | 520/200000 [01:20<8:32:06,  6.49it/s]
  0%|          | 521/200000 [01:20<8:32:46,  6.48it/s]
  0%|          | 522/200000 [01:21<8:35:00,  6.46it/s]
  0%|          | 523/200000 [01:21<8:35:12,  6.45it/s]
  0%|          | 524/200000 [01:21<8:35:42,  6.45it/s]
  0%|          | 525/200000 [01:21<8:33:48,  6.47it/s]
  0%|          | 526/200000 [01:21<8:31:40,  6.50it/s]
  0%|          | 527/200000 [01:21<8:31:43,  6.50it/s]
  0%|          | 528/200000 [01:21<8:30:55,  6.51it/s]
  0%|          | 529/200000 [01:22<8:30:09,  6.52it/s]
  0%|          | 530/200000 [01:22<8:28:58,  6.53it/s]
  0%|          | 531/200000 [01:22<8:28:58,  6.53it/s]
  0%|          | 532/200000 [01:22<8:28:35,  6.54it/s]
  0%|          | 533/200000 [01:22<8:29:35,  6.52it/s]
  0%|          | 534/200000 [01:22<8:29:30,  6.52it/s]
  0%|          | 535/200000 [01:23<8:30:19,  6.51it/s]
  0%|          | 536/200000 [01:23<8:29:33,  6.52it/s]
  0%|          | 537/200000 [01:23<8:28:26,  6.54it/s]
  0%|          | 538/200000 [01:23<8:29:03,  6.53it/s]
  0%|          | 539/200000 [01:23<8:28:20,  6.54it/s]
  0%|          | 540/200000 [01:23<8:28:37,  6.54it/s]
  0%|          | 541/200000 [01:23<8:28:26,  6.54it/s]
  0%|          | 542/200000 [01:24<8:27:35,  6.55it/s]
  0%|          | 543/200000 [01:24<8:28:08,  6.54it/s]
  0%|          | 544/200000 [01:24<8:27:40,  6.55it/s]
  0%|          | 545/200000 [01:24<8:28:25,  6.54it/s]
  0%|          | 546/200000 [01:24<8:27:57,  6.54it/s]
  0%|          | 547/200000 [01:24<8:28:41,  6.53it/s]
  0%|          | 548/200000 [01:25<8:28:30,  6.54it/s]
  0%|          | 549/200000 [01:25<8:27:44,  6.55it/s]
  0%|          | 550/200000 [01:25<8:28:27,  6.54it/s]
  0%|          | 551/200000 [01:25<8:27:55,  6.54it/s]
  0%|          | 552/200000 [01:25<8:28:34,  6.54it/s]
  0%|          | 553/200000 [01:25<8:29:00,  6.53it/s]
  0%|          | 554/200000 [01:25<8:28:11,  6.54it/s]
  0%|          | 555/200000 [01:26<8:27:27,  6.55it/s]
  0%|          | 556/200000 [01:26<8:26:51,  6.56it/s]
  0%|          | 557/200000 [01:26<8:26:21,  6.56it/s]
  0%|          | 558/200000 [01:26<8:29:19,  6.53it/s]
  0%|          | 559/200000 [01:26<8:32:20,  6.49it/s]
  0%|          | 560/200000 [01:26<8:31:30,  6.50it/s]
  0%|          | 561/200000 [01:27<8:30:20,  6.51it/s]
  0%|          | 562/200000 [01:27<8:28:55,  6.53it/s]
  0%|          | 563/200000 [01:27<8:29:17,  6.53it/s]
  0%|          | 564/200000 [01:27<8:30:51,  6.51it/s]
  0%|          | 565/200000 [01:27<8:30:49,  6.51it/s]
  0%|          | 566/200000 [01:27<8:33:30,  6.47it/s]
  0%|          | 567/200000 [01:27<8:33:59,  6.47it/s]
  0%|          | 568/200000 [01:28<8:34:31,  6.46it/s]
  0%|          | 569/200000 [01:28<8:32:35,  6.48it/s]
  0%|          | 570/200000 [01:28<8:31:33,  6.50it/s]
  0%|          | 571/200000 [01:28<8:30:25,  6.51it/s]
  0%|          | 572/200000 [01:28<8:29:56,  6.52it/s]
  0%|          | 573/200000 [01:28<8:29:02,  6.53it/s]
  0%|          | 574/200000 [01:29<8:29:28,  6.52it/s]
  0%|          | 575/200000 [01:29<8:29:19,  6.53it/s]
  0%|          | 576/200000 [01:29<8:29:40,  6.52it/s]
  0%|          | 577/200000 [01:29<8:31:01,  6.50it/s]
  0%|          | 578/200000 [01:29<8:30:37,  6.51it/s]
  0%|          | 579/200000 [01:29<8:31:21,  6.50it/s]
  0%|          | 580/200000 [01:29<8:30:48,  6.51it/s]
  0%|          | 581/200000 [01:30<8:30:29,  6.51it/s]
  0%|          | 582/200000 [01:30<8:31:35,  6.50it/s]
  0%|          | 583/200000 [01:30<8:30:43,  6.51it/s]
  0%|          | 584/200000 [01:30<8:32:00,  6.49it/s]
  0%|          | 585/200000 [01:30<8:31:34,  6.50it/s]
  0%|          | 586/200000 [01:30<8:31:06,  6.50it/s]
  0%|          | 587/200000 [01:31<8:32:08,  6.49it/s]
  0%|          | 588/200000 [01:31<8:32:50,  6.48it/s]
  0%|          | 589/200000 [01:31<8:31:55,  6.49it/s]
  0%|          | 590/200000 [01:31<8:31:56,  6.49it/s]
  0%|          | 591/200000 [01:31<8:31:02,  6.50it/s]
  0%|          | 592/200000 [01:31<8:30:02,  6.52it/s]
  0%|          | 593/200000 [01:31<8:30:17,  6.51it/s]
  0%|          | 594/200000 [01:32<8:30:13,  6.51it/s]
  0%|          | 595/200000 [01:32<8:29:56,  6.52it/s]
  0%|          | 596/200000 [01:32<8:29:20,  6.52it/s]
  0%|          | 597/200000 [01:32<8:28:59,  6.53it/s]
  0%|          | 598/200000 [01:32<8:30:13,  6.51it/s]
  0%|          | 599/200000 [01:32<8:29:16,  6.53it/s]
  0%|          | 600/200000 [01:33<8:42:17,  6.36it/s]
  0%|          | 601/200000 [01:33<8:40:30,  6.38it/s]
  0%|          | 602/200000 [01:33<8:36:37,  6.43it/s]
  0%|          | 603/200000 [01:33<8:34:53,  6.45it/s]
  0%|          | 604/200000 [01:33<8:33:16,  6.47it/s]
  0%|          | 605/200000 [01:33<8:31:13,  6.50it/s]
  0%|          | 606/200000 [01:33<8:29:26,  6.52it/s]
  0%|          | 607/200000 [01:34<8:30:16,  6.51it/s]
  0%|          | 608/200000 [01:34<8:29:38,  6.52it/s]
  0%|          | 609/200000 [01:34<8:29:16,  6.53it/s]
  0%|          | 610/200000 [01:34<8:29:49,  6.52it/s]
  0%|          | 611/200000 [01:34<8:29:37,  6.52it/s]
  0%|          | 612/200000 [01:34<8:29:09,  6.53it/s]
  0%|          | 613/200000 [01:35<8:30:38,  6.51it/s]
  0%|          | 614/200000 [01:35<8:30:15,  6.51it/s]
  0%|          | 615/200000 [01:35<8:30:29,  6.51it/s]
  0%|          | 616/200000 [01:35<8:30:10,  6.51it/s]
  0%|          | 617/200000 [01:35<8:29:39,  6.52it/s]
  0%|          | 618/200000 [01:35<8:28:45,  6.53it/s]
  0%|          | 619/200000 [01:35<8:28:10,  6.54it/s]
  0%|          | 620/200000 [01:36<8:29:04,  6.53it/s]
  0%|          | 621/200000 [01:36<8:29:10,  6.53it/s]
  0%|          | 622/200000 [01:36<8:28:36,  6.53it/s]
  0%|          | 623/200000 [01:36<8:29:23,  6.52it/s]
  0%|          | 624/200000 [01:36<8:29:53,  6.52it/s]
  0%|          | 625/200000 [01:36<8:30:06,  6.51it/s]
  0%|          | 626/200000 [01:37<8:29:54,  6.52it/s]
  0%|          | 627/200000 [01:37<8:29:23,  6.52it/s]
  0%|          | 628/200000 [01:37<8:30:22,  6.51it/s]
  0%|          | 629/200000 [01:37<8:29:14,  6.52it/s]
  0%|          | 630/200000 [01:37<8:28:32,  6.53it/s]
  0%|          | 631/200000 [01:37<8:29:51,  6.52it/s]
  0%|          | 632/200000 [01:37<8:29:26,  6.52it/s]
  0%|          | 633/200000 [01:38<8:30:07,  6.51it/s]
  0%|          | 634/200000 [01:38<8:30:20,  6.51it/s]
  0%|          | 635/200000 [01:38<8:29:36,  6.52it/s]
  0%|          | 636/200000 [01:38<8:30:03,  6.51it/s]
  0%|          | 637/200000 [01:38<8:29:37,  6.52it/s]
  0%|          | 638/200000 [01:38<8:30:51,  6.50it/s]
  0%|          | 639/200000 [01:38<8:30:06,  6.51it/s]
  0%|          | 640/200000 [01:39<8:28:53,  6.53it/s]
  0%|          | 641/200000 [01:39<8:30:07,  6.51it/s]
  0%|          | 642/200000 [01:39<8:29:18,  6.52it/s]
  0%|          | 643/200000 [01:39<8:29:33,  6.52it/s]
  0%|          | 644/200000 [01:39<8:31:34,  6.49it/s]
  0%|          | 645/200000 [01:39<8:30:30,  6.51it/s]
  0%|          | 646/200000 [01:40<8:30:49,  6.50it/s]
  0%|          | 647/200000 [01:40<8:30:07,  6.51it/s]
  0%|          | 648/200000 [01:40<8:29:19,  6.52it/s]
  0%|          | 649/200000 [01:40<8:30:28,  6.51it/s]
  0%|          | 650/200000 [01:40<8:30:19,  6.51it/s]
  0%|          | 651/200000 [01:40<8:30:54,  6.50it/s]
  0%|          | 652/200000 [01:40<8:31:39,  6.49it/s]
  0%|          | 653/200000 [01:41<8:30:12,  6.51it/s]
  0%|          | 654/200000 [01:41<8:31:33,  6.49it/s]
  0%|          | 655/200000 [01:41<8:31:10,  6.50it/s]
  0%|          | 656/200000 [01:41<8:30:27,  6.51it/s]
  0%|          | 657/200000 [01:41<8:30:56,  6.50it/s]
  0%|          | 658/200000 [01:41<8:30:20,  6.51it/s]
  0%|          | 659/200000 [01:42<8:29:09,  6.53it/s]
  0%|          | 660/200000 [01:42<8:30:22,  6.51it/s]
  0%|          | 661/200000 [01:42<8:29:56,  6.52it/s]
  0%|          | 662/200000 [01:42<8:30:25,  6.51it/s]
  0%|          | 663/200000 [01:42<8:29:24,  6.52it/s]
  0%|          | 664/200000 [01:42<8:29:57,  6.51it/s]
  0%|          | 665/200000 [01:42<8:30:21,  6.51it/s]
  0%|          | 666/200000 [01:43<8:29:14,  6.52it/s]
  0%|          | 667/200000 [01:43<8:29:27,  6.52it/s]
  0%|          | 668/200000 [01:43<8:29:16,  6.52it/s]
  0%|          | 669/200000 [01:43<8:28:32,  6.53it/s]
  0%|          | 670/200000 [01:43<8:29:08,  6.52it/s]
  0%|          | 671/200000 [01:43<8:28:57,  6.53it/s]
  0%|          | 672/200000 [01:44<8:29:36,  6.52it/s]
  0%|          | 673/200000 [01:44<8:28:29,  6.53it/s]
  0%|          | 674/200000 [01:44<8:28:23,  6.53it/s]
  0%|          | 675/200000 [01:44<8:29:45,  6.52it/s]
  0%|          | 676/200000 [01:44<8:29:25,  6.52it/s]
  0%|          | 677/200000 [01:44<8:28:18,  6.54it/s]
  0%|          | 678/200000 [01:44<8:29:49,  6.52it/s]
  0%|          | 679/200000 [01:45<8:29:06,  6.53it/s]
  0%|          | 680/200000 [01:45<8:28:52,  6.53it/s]
  0%|          | 681/200000 [01:45<8:28:40,  6.53it/s]
  0%|          | 682/200000 [01:45<8:27:57,  6.54it/s]
  0%|          | 683/200000 [01:45<8:28:28,  6.53it/s]
  0%|          | 684/200000 [01:45<8:29:27,  6.52it/s]
  0%|          | 685/200000 [01:46<8:30:09,  6.51it/s]
  0%|          | 686/200000 [01:46<8:29:11,  6.52it/s]
  0%|          | 687/200000 [01:46<8:28:12,  6.54it/s]
  0%|          | 688/200000 [01:46<8:29:35,  6.52it/s]
  0%|          | 689/200000 [01:46<8:29:03,  6.53it/s]
  0%|          | 690/200000 [01:46<8:30:03,  6.51it/s]
  0%|          | 691/200000 [01:46<8:29:52,  6.51it/s]
  0%|          | 692/200000 [01:47<8:28:38,  6.53it/s]
  0%|          | 693/200000 [01:47<8:28:57,  6.53it/s]
  0%|          | 694/200000 [01:47<8:29:10,  6.52it/s]
  0%|          | 695/200000 [01:47<8:29:56,  6.51it/s]
  0%|          | 696/200000 [01:47<8:30:41,  6.50it/s]
  0%|          | 697/200000 [01:47<8:29:30,  6.52it/s]
  0%|          | 698/200000 [01:48<8:30:11,  6.51it/s]
  0%|          | 699/200000 [01:48<8:29:39,  6.52it/s]
  0%|          | 700/200000 [01:48<8:43:48,  6.34it/s]
  0%|          | 701/200000 [01:48<8:41:48,  6.37it/s]
  0%|          | 702/200000 [01:48<8:37:14,  6.42it/s]
  0%|          | 703/200000 [01:48<8:35:27,  6.44it/s]
  0%|          | 704/200000 [01:48<8:33:16,  6.47it/s]
  0%|          | 705/200000 [01:49<8:32:31,  6.48it/s]
  0%|          | 706/200000 [01:49<8:31:55,  6.49it/s]
  0%|          | 707/200000 [01:49<8:30:33,  6.51it/s]
  0%|          | 708/200000 [01:49<8:30:55,  6.50it/s]
  0%|          | 709/200000 [01:49<8:29:50,  6.51it/s]
  0%|          | 710/200000 [01:49<8:29:30,  6.52it/s]
  0%|          | 711/200000 [01:50<8:30:46,  6.50it/s]
  0%|          | 712/200000 [01:50<8:29:34,  6.52it/s]
  0%|          | 713/200000 [01:50<8:30:03,  6.51it/s]
  0%|          | 714/200000 [01:50<8:29:36,  6.52it/s]
  0%|          | 715/200000 [01:50<8:28:55,  6.53it/s]
  0%|          | 716/200000 [01:50<8:29:59,  6.51it/s]
  0%|          | 717/200000 [01:50<8:29:36,  6.52it/s]
  0%|          | 718/200000 [01:51<8:30:23,  6.51it/s]
  0%|          | 719/200000 [01:51<8:29:14,  6.52it/s]
  0%|          | 720/200000 [01:51<8:28:10,  6.54it/s]
  0%|          | 721/200000 [01:51<8:29:55,  6.51it/s]
  0%|          | 722/200000 [01:51<8:29:38,  6.52it/s]
  0%|          | 723/200000 [01:51<8:28:28,  6.53it/s]
  0%|          | 724/200000 [01:52<8:29:36,  6.52it/s]
  0%|          | 725/200000 [01:52<8:29:23,  6.52it/s]
  0%|          | 726/200000 [01:52<8:29:40,  6.52it/s]
  0%|          | 727/200000 [01:52<8:29:56,  6.51it/s]
  0%|          | 728/200000 [01:52<8:29:38,  6.52it/s]
  0%|          | 729/200000 [01:52<8:29:52,  6.51it/s]
  0%|          | 730/200000 [01:52<8:29:09,  6.52it/s]
  0%|          | 731/200000 [01:53<8:28:51,  6.53it/s]
  0%|          | 732/200000 [01:53<8:29:56,  6.51it/s]
  0%|          | 733/200000 [01:53<8:29:32,  6.52it/s]
  0%|          | 734/200000 [01:53<8:30:24,  6.51it/s]
  0%|          | 735/200000 [01:53<8:29:44,  6.52it/s]
  0%|          | 736/200000 [01:53<8:29:04,  6.52it/s]
  0%|          | 737/200000 [01:54<8:29:32,  6.52it/s]
  0%|          | 738/200000 [01:54<8:29:20,  6.52it/s]
  0%|          | 739/200000 [01:54<8:30:06,  6.51it/s]
  0%|          | 740/200000 [01:54<8:30:03,  6.51it/s]
  0%|          | 741/200000 [01:54<8:29:50,  6.51it/s]
  0%|          | 742/200000 [01:54<8:30:20,  6.51it/s]
  0%|          | 743/200000 [01:54<8:29:33,  6.52it/s]
  0%|          | 744/200000 [01:55<8:30:09,  6.51it/s]
  0%|          | 745/200000 [01:55<8:30:47,  6.50it/s]
  0%|          | 746/200000 [01:55<8:29:34,  6.52it/s]
  0%|          | 747/200000 [01:55<8:30:03,  6.51it/s]
  0%|          | 748/200000 [01:55<8:29:46,  6.51it/s]
  0%|          | 749/200000 [01:55<8:30:07,  6.51it/s]
  0%|          | 750/200000 [01:56<8:29:02,  6.52it/s]
  0%|          | 751/200000 [01:56<8:28:35,  6.53it/s]
  0%|          | 752/200000 [01:56<8:29:48,  6.51it/s]
  0%|          | 753/200000 [01:56<8:28:55,  6.53it/s]
  0%|          | 754/200000 [01:56<8:28:07,  6.54it/s]
  0%|          | 755/200000 [01:56<8:29:23,  6.52it/s]
  0%|          | 756/200000 [01:56<8:28:48,  6.53it/s]
  0%|          | 757/200000 [01:57<8:29:12,  6.52it/s]
  0%|          | 758/200000 [01:57<8:30:04,  6.51it/s]
  0%|          | 759/200000 [01:57<8:29:08,  6.52it/s]
  0%|          | 760/200000 [01:57<8:29:10,  6.52it/s]
  0%|          | 761/200000 [01:57<8:28:57,  6.52it/s]
  0%|          | 762/200000 [01:57<8:29:43,  6.51it/s]
  0%|          | 763/200000 [01:58<8:30:42,  6.50it/s]
  0%|          | 764/200000 [01:58<8:29:32,  6.52it/s]
  0%|          | 765/200000 [01:58<8:30:27,  6.51it/s]
  0%|          | 766/200000 [01:58<8:29:46,  6.51it/s]
  0%|          | 767/200000 [01:58<8:28:41,  6.53it/s]
  0%|          | 768/200000 [01:58<8:30:08,  6.51it/s]
  0%|          | 769/200000 [01:58<8:29:43,  6.51it/s]
  0%|          | 770/200000 [01:59<8:29:14,  6.52it/s]
  0%|          | 771/200000 [01:59<8:30:00,  6.51it/s]
  0%|          | 772/200000 [01:59<8:29:20,  6.52it/s]
  0%|          | 773/200000 [01:59<8:29:35,  6.52it/s]
  0%|          | 774/200000 [01:59<8:29:01,  6.52it/s]
  0%|          | 775/200000 [01:59<8:30:06,  6.51it/s]
  0%|          | 776/200000 [02:00<8:30:50,  6.50it/s]
  0%|          | 777/200000 [02:00<8:29:37,  6.52it/s]
  0%|          | 778/200000 [02:00<8:30:43,  6.50it/s]
  0%|          | 779/200000 [02:00<8:30:53,  6.50it/s]
  0%|          | 780/200000 [02:00<8:29:30,  6.52it/s]
  0%|          | 781/200000 [02:00<8:30:19,  6.51it/s]
  0%|          | 782/200000 [02:00<8:29:46,  6.51it/s]
  0%|          | 783/200000 [02:01<8:28:48,  6.53it/s]
  0%|          | 784/200000 [02:01<8:29:17,  6.52it/s]
  0%|          | 785/200000 [02:01<8:29:12,  6.52it/s]
  0%|          | 786/200000 [02:01<8:30:09,  6.51it/s]
  0%|          | 787/200000 [02:01<8:29:12,  6.52it/s]
  0%|          | 788/200000 [02:01<8:28:57,  6.52it/s]
  0%|          | 789/200000 [02:02<8:30:18,  6.51it/s]
  0%|          | 790/200000 [02:02<8:29:20,  6.52it/s]
  0%|          | 791/200000 [02:02<8:30:00,  6.51it/s]
  0%|          | 792/200000 [02:02<8:29:44,  6.51it/s]
  0%|          | 793/200000 [02:02<8:28:54,  6.52it/s]
  0%|          | 794/200000 [02:02<8:29:26,  6.52it/s]
  0%|          | 795/200000 [02:02<8:29:34,  6.52it/s]
  0%|          | 796/200000 [02:03<8:29:07,  6.52it/s]
  0%|          | 797/200000 [02:03<8:29:08,  6.52it/s]
  0%|          | 798/200000 [02:03<8:29:13,  6.52it/s]
  0%|          | 799/200000 [02:03<8:30:09,  6.51it/s]
  0%|          | 800/200000 [02:03<8:42:46,  6.35it/s]
  0%|          | 801/200000 [02:03<8:40:22,  6.38it/s]
  0%|          | 802/200000 [02:04<8:37:01,  6.42it/s]
  0%|          | 803/200000 [02:04<8:34:21,  6.45it/s]
  0%|          | 804/200000 [02:04<8:33:36,  6.46it/s]
  0%|          | 805/200000 [02:04<8:32:17,  6.48it/s]
  0%|          | 806/200000 [02:04<8:31:49,  6.49it/s]
  0%|          | 807/200000 [02:04<8:31:07,  6.50it/s]
  0%|          | 808/200000 [02:04<8:30:41,  6.50it/s]
  0%|          | 809/200000 [02:05<8:32:12,  6.48it/s]
  0%|          | 810/200000 [02:05<8:30:46,  6.50it/s]
  0%|          | 811/200000 [02:05<8:31:01,  6.50it/s]
  0%|          | 812/200000 [02:05<8:30:08,  6.51it/s]
  0%|          | 813/200000 [02:05<8:29:25,  6.52it/s]
  0%|          | 814/200000 [02:05<8:29:39,  6.51it/s]
  0%|          | 815/200000 [02:06<8:30:33,  6.50it/s]
  0%|          | 816/200000 [02:06<8:29:47,  6.51it/s]
  0%|          | 817/200000 [02:06<8:29:39,  6.51it/s]
  0%|          | 818/200000 [02:06<8:29:16,  6.52it/s]
  0%|          | 819/200000 [02:06<8:28:43,  6.53it/s]
  0%|          | 820/200000 [02:06<8:29:37,  6.51it/s]
  0%|          | 821/200000 [02:06<8:29:21,  6.52it/s]
  0%|          | 822/200000 [02:07<8:30:07,  6.51it/s]
  0%|          | 823/200000 [02:07<8:30:14,  6.51it/s]
  0%|          | 824/200000 [02:07<8:29:15,  6.52it/s]
  0%|          | 825/200000 [02:07<8:30:21,  6.50it/s]
  0%|          | 826/200000 [02:07<8:29:44,  6.51it/s]
  0%|          | 827/200000 [02:07<8:29:07,  6.52it/s]
  0%|          | 828/200000 [02:08<8:30:13,  6.51it/s]
  0%|          | 829/200000 [02:08<8:29:51,  6.51it/s]
  0%|          | 830/200000 [02:08<8:30:07,  6.51it/s]
  0%|          | 831/200000 [02:08<8:31:20,  6.49it/s]
  0%|          | 832/200000 [02:08<8:30:29,  6.50it/s]
  0%|          | 833/200000 [02:08<8:30:40,  6.50it/s]
  0%|          | 834/200000 [02:08<8:29:36,  6.51it/s]
  0%|          | 835/200000 [02:09<8:29:53,  6.51it/s]
  0%|          | 836/200000 [02:09<8:30:32,  6.50it/s]
  0%|          | 837/200000 [02:09<8:29:17,  6.52it/s]
  0%|          | 838/200000 [02:09<8:30:06,  6.51it/s]
  0%|          | 839/200000 [02:09<8:30:45,  6.50it/s]
  0%|          | 840/200000 [02:09<8:29:19,  6.52it/s]
  0%|          | 841/200000 [02:10<8:30:23,  6.50it/s]
  0%|          | 842/200000 [02:10<8:30:37,  6.50it/s]
  0%|          | 843/200000 [02:10<8:30:35,  6.50it/s]
  0%|          | 844/200000 [02:10<8:29:15,  6.52it/s]
  0%|          | 845/200000 [02:10<8:29:27,  6.52it/s]
  0%|          | 846/200000 [02:10<8:29:51,  6.51it/s]
  0%|          | 847/200000 [02:10<8:30:03,  6.51it/s]
  0%|          | 848/200000 [02:11<8:29:28,  6.51it/s]
  0%|          | 849/200000 [02:11<8:30:35,  6.50it/s]
  0%|          | 850/200000 [02:11<8:29:20,  6.52it/s]
  0%|          | 851/200000 [02:11<8:29:26,  6.52it/s]
  0%|          | 852/200000 [02:11<8:29:42,  6.51it/s]
  0%|          | 853/200000 [02:11<8:29:24,  6.52it/s]
  0%|          | 854/200000 [02:12<8:29:32,  6.51it/s]
  0%|          | 855/200000 [02:12<8:30:58,  6.50it/s]
  0%|          | 856/200000 [02:12<8:29:59,  6.51it/s]
  0%|          | 857/200000 [02:12<8:29:50,  6.51it/s]
  0%|          | 858/200000 [02:12<8:29:20,  6.52it/s]
  0%|          | 859/200000 [02:12<8:29:58,  6.51it/s]
  0%|          | 860/200000 [02:12<8:29:49,  6.51it/s]
  0%|          | 861/200000 [02:13<8:29:38,  6.51it/s]
  0%|          | 862/200000 [02:13<8:30:21,  6.50it/s]
  0%|          | 863/200000 [02:13<8:30:35,  6.50it/s]
  0%|          | 864/200000 [02:13<8:29:02,  6.52it/s]
  0%|          | 865/200000 [02:13<8:30:20,  6.50it/s]
  0%|          | 866/200000 [02:13<8:30:10,  6.51it/s]
  0%|          | 867/200000 [02:14<8:29:00,  6.52it/s]
  0%|          | 868/200000 [02:14<8:30:15,  6.50it/s]
  0%|          | 869/200000 [02:14<8:30:00,  6.51it/s]
  0%|          | 870/200000 [02:14<8:30:22,  6.50it/s]
  0%|          | 871/200000 [02:14<8:29:20,  6.52it/s]
  0%|          | 872/200000 [02:14<8:29:56,  6.51it/s]
  0%|          | 873/200000 [02:14<8:30:46,  6.50it/s]
  0%|          | 874/200000 [02:15<8:29:32,  6.51it/s]
  0%|          | 875/200000 [02:15<8:31:04,  6.49it/s]
  0%|          | 876/200000 [02:15<8:31:39,  6.49it/s]
  0%|          | 877/200000 [02:15<8:30:43,  6.50it/s]
  0%|          | 878/200000 [02:15<8:30:58,  6.49it/s]
  0%|          | 879/200000 [02:15<8:30:57,  6.50it/s]
  0%|          | 880/200000 [02:16<8:29:54,  6.51it/s]
  0%|          | 881/200000 [02:16<8:29:57,  6.51it/s]
  0%|          | 882/200000 [02:16<8:29:49,  6.51it/s]
  0%|          | 883/200000 [02:16<8:30:17,  6.50it/s]
  0%|          | 884/200000 [02:16<8:30:02,  6.51it/s]
  0%|          | 885/200000 [02:16<8:29:43,  6.51it/s]
  0%|          | 886/200000 [02:16<8:29:59,  6.51it/s]
  0%|          | 887/200000 [02:17<8:29:37,  6.51it/s]
  0%|          | 888/200000 [02:17<8:29:06,  6.52it/s]
  0%|          | 889/200000 [02:17<8:30:11,  6.50it/s]
  0%|          | 890/200000 [02:17<8:29:49,  6.51it/s]
  0%|          | 891/200000 [02:17<8:30:13,  6.50it/s]
  0%|          | 892/200000 [02:17<8:30:55,  6.49it/s]
  0%|          | 893/200000 [02:18<8:29:54,  6.51it/s]
  0%|          | 894/200000 [02:18<8:29:55,  6.51it/s]
  0%|          | 895/200000 [02:18<8:29:54,  6.51it/s]
  0%|          | 896/200000 [02:18<8:29:12,  6.52it/s]
  0%|          | 897/200000 [02:18<8:29:45,  6.51it/s]
  0%|          | 898/200000 [02:18<8:29:34,  6.51it/s]
  0%|          | 899/200000 [02:18<8:29:53,  6.51it/s]
  0%|          | 900/200000 [02:19<8:44:07,  6.33it/s]
  0%|          | 901/200000 [02:19<8:40:44,  6.37it/s]
  0%|          | 902/200000 [02:19<8:38:20,  6.40it/s]
  0%|          | 903/200000 [02:19<8:35:33,  6.44it/s]
  0%|          | 904/200000 [02:19<8:33:45,  6.46it/s]
  0%|          | 905/200000 [02:19<8:33:22,  6.46it/s]
  0%|          | 906/200000 [02:20<8:32:02,  6.48it/s]
  0%|          | 907/200000 [02:20<8:31:38,  6.49it/s]
  0%|          | 908/200000 [02:20<8:30:55,  6.49it/s]
  0%|          | 909/200000 [02:20<8:30:59,  6.49it/s]
  0%|          | 910/200000 [02:20<8:30:44,  6.50it/s]
  0%|          | 911/200000 [02:20<8:29:42,  6.51it/s]
  0%|          | 912/200000 [02:20<8:30:46,  6.50it/s]
  0%|          | 913/200000 [02:21<8:30:48,  6.50it/s]
  0%|          | 914/200000 [02:21<8:29:48,  6.51it/s]
  0%|          | 915/200000 [02:21<8:31:03,  6.49it/s]
  0%|          | 916/200000 [02:21<8:30:50,  6.50it/s]
  0%|          | 917/200000 [02:21<8:29:07,  6.52it/s]
  0%|          | 918/200000 [02:21<8:30:25,  6.50it/s]
  0%|          | 919/200000 [02:22<8:30:57,  6.49it/s]
  0%|          | 920/200000 [02:22<8:30:59,  6.49it/s]
  0%|          | 921/200000 [02:22<8:31:21,  6.49it/s]
  0%|          | 922/200000 [02:22<8:30:51,  6.49it/s]
  0%|          | 923/200000 [02:22<8:30:56,  6.49it/s]
  0%|          | 924/200000 [02:22<8:31:04,  6.49it/s]
  0%|          | 925/200000 [02:22<8:30:47,  6.50it/s]
  0%|          | 926/200000 [02:23<8:30:54,  6.49it/s]
  0%|          | 927/200000 [02:23<8:29:26,  6.51it/s]
  0%|          | 928/200000 [02:23<8:30:24,  6.50it/s]
  0%|          | 929/200000 [02:23<8:30:31,  6.50it/s]
  0%|          | 930/200000 [02:23<8:29:28,  6.51it/s]
  0%|          | 931/200000 [02:23<8:29:47,  6.51it/s]
  0%|          | 932/200000 [02:24<8:30:46,  6.50it/s]
  0%|          | 933/200000 [02:24<8:29:55,  6.51it/s]
  0%|          | 934/200000 [02:24<8:29:52,  6.51it/s]
  0%|          | 935/200000 [02:24<8:29:29,  6.51it/s]
  0%|          | 936/200000 [02:24<8:28:51,  6.52it/s]
  0%|          | 937/200000 [02:24<8:29:09,  6.52it/s]
  0%|          | 938/200000 [02:24<8:29:05,  6.52it/s]
  0%|          | 939/200000 [02:25<8:29:38,  6.51it/s]
  0%|          | 940/200000 [02:25<8:30:12,  6.50it/s]
  0%|          | 941/200000 [02:25<8:29:16,  6.51it/s]
  0%|          | 942/200000 [02:25<8:31:05,  6.49it/s]
  0%|          | 943/200000 [02:25<8:29:56,  6.51it/s]
  0%|          | 944/200000 [02:25<8:28:33,  6.52it/s]
  0%|          | 945/200000 [02:26<8:29:45,  6.51it/s]
  0%|          | 946/200000 [02:26<8:29:58,  6.51it/s]
  0%|          | 947/200000 [02:26<8:29:44,  6.51it/s]
  0%|          | 948/200000 [02:26<8:31:23,  6.49it/s]
  0%|          | 949/200000 [02:26<8:30:37,  6.50it/s]
  0%|          | 950/200000 [02:26<8:30:46,  6.49it/s]
  0%|          | 951/200000 [02:26<8:29:32,  6.51it/s]
  0%|          | 952/200000 [02:27<8:30:18,  6.50it/s]
  0%|          | 953/200000 [02:27<8:30:40,  6.50it/s]
  0%|          | 954/200000 [02:27<8:29:23,  6.51it/s]
  0%|          | 955/200000 [02:27<8:30:26,  6.50it/s]
  0%|          | 956/200000 [02:27<8:31:19,  6.49it/s]
  0%|          | 957/200000 [02:27<8:30:14,  6.50it/s]
  0%|          | 958/200000 [02:28<8:30:38,  6.50it/s]
  0%|          | 959/200000 [02:28<8:30:00,  6.50it/s]
  0%|          | 960/200000 [02:28<8:30:12,  6.50it/s]
  0%|          | 961/200000 [02:28<8:30:01,  6.50it/s]
  0%|          | 962/200000 [02:28<8:30:30,  6.50it/s]
  0%|          | 963/200000 [02:28<8:30:49,  6.49it/s]
  0%|          | 964/200000 [02:28<8:30:41,  6.50it/s]
  0%|          | 965/200000 [02:29<8:30:24,  6.50it/s]
  0%|          | 966/200000 [02:29<8:30:48,  6.49it/s]
  0%|          | 967/200000 [02:29<8:29:35,  6.51it/s]
  0%|          | 968/200000 [02:29<8:30:21,  6.50it/s]
  0%|          | 969/200000 [02:29<8:30:45,  6.49it/s]
  0%|          | 970/200000 [02:29<8:29:22,  6.51it/s]
  0%|          | 971/200000 [02:30<8:29:34,  6.51it/s]
  0%|          | 972/200000 [02:30<8:30:41,  6.50it/s]
  0%|          | 973/200000 [02:30<8:29:33,  6.51it/s]
  0%|          | 974/200000 [02:30<8:29:52,  6.51it/s]
  0%|          | 975/200000 [02:30<8:29:51,  6.51it/s]
  0%|          | 976/200000 [02:30<8:30:06,  6.50it/s]
  0%|          | 977/200000 [02:30<8:29:59,  6.50it/s]
  0%|          | 978/200000 [02:31<8:29:44,  6.51it/s]
  0%|          | 979/200000 [02:31<8:30:07,  6.50it/s]
  0%|          | 980/200000 [02:31<8:30:40,  6.50it/s]
  0%|          | 981/200000 [02:31<8:30:11,  6.50it/s]
  0%|          | 982/200000 [02:31<8:30:41,  6.49it/s]
  0%|          | 983/200000 [02:31<8:30:13,  6.50it/s]
  0%|          | 984/200000 [02:32<8:29:45,  6.51it/s]
  0%|          | 985/200000 [02:32<8:30:17,  6.50it/s]
  0%|          | 986/200000 [02:32<8:29:56,  6.50it/s]
  0%|          | 987/200000 [02:32<8:30:01,  6.50it/s]
  0%|          | 988/200000 [02:32<8:30:10,  6.50it/s]
  0%|          | 989/200000 [02:32<8:30:22,  6.50it/s]
  0%|          | 990/200000 [02:32<8:30:08,  6.50it/s]
  0%|          | 991/200000 [02:33<8:29:29,  6.51it/s]
  0%|          | 992/200000 [02:33<8:30:29,  6.50it/s]
  0%|          | 993/200000 [02:33<8:30:48,  6.49it/s]
  0%|          | 994/200000 [02:33<8:29:35,  6.51it/s]
  0%|          | 995/200000 [02:33<8:30:15,  6.50it/s]
  0%|          | 996/200000 [02:33<8:30:48,  6.49it/s]
  0%|          | 997/200000 [02:34<8:29:55,  6.50it/s]
  0%|          | 998/200000 [02:34<8:30:07,  6.50it/s]
  0%|          | 999/200000 [02:34<8:29:44,  6.51it/s]
  0%|          | 999/200000 [03:00<9:59:18,  5.53it/s]
Loaded ScanNerf (197, 540, 720, 4) torch.Size([40, 4, 4]) [540, 720, 761.0600542770557] ./data/scan_nerf/airplane1
Found ckpts []
Not ndc!
Begin
TRAIN views are [  0   1   2   3   4   5   6   7   8   9  10  11  12  13  14  15  16  17
  18  19  20  21  22  23  24  25  26  27  28  29  30  31  32  33  34  35
  36  37  38  39  40  41  42  43  44  45  46  47  48  49  50  51  52  53
  54  55  56  57  58  59  60  61  62  63  64  65  66  67  68  69  70  71
  72  73  74  75  76  77  78  79  80  81  82  83  84  85  86  87  88  89
  90  91  92  93  94  95  96  97  98  99 100 101 102 103 104 105 106 107
 108 109 110 111 112 113 114 115 116 117 118 119 120 121 122 123 124 125
 126 127 128 129 130 131 132 133 134 135 136 137 138 139 140 141 142 143
 144 145 146 147 148 149 150 151 152 153 154 155 156 157 158 159 160 161
 162 163 164 165 166 167 168 169 170 171 172 173 174 175 176 177 178 179
 180 181 182 183]
TEST views are [184 185 186 187 188 189 190 191 192 193 194 195 196]
VAL views are [184 185 186 187 188 189 190 191 192 193 194 195 196]
[Config] Center cropping of size 270 x 360 is enabled until iter 500
blender_scan_airplane1 100 [12.748604] 0.10626017 99
iter time 0.14877
blender_scan_airplane1 200 [13.227505] 0.106337145 199
iter time 0.14870
blender_scan_airplane1 300 [16.392374] 0.07594347 299
iter time 0.14776
blender_scan_airplane1 400 [15.998714] 0.099559024 399
iter time 0.14861
blender_scan_airplane1 500 [22.765768] 0.020911938 499
iter time 0.15280
blender_scan_airplane1 600 [23.579615] 0.022935962 599
iter time 0.15241
blender_scan_airplane1 700 [23.638765] 0.015745293 699
iter time 0.15288
blender_scan_airplane1 800 [24.248667] 0.017094761 799
iter time 0.15260
blender_scan_airplane1 900 [23.323471] 0.019641286 899
iter time 0.15344
blender_scan_airplane1 1000 [22.573242] 0.023813356 999
iter time 0.15480
Traceback (most recent call last):
  File "/share/apps/anaconda3/2020.07/lib/python3.8/site-packages/numpy/core/fromnumeric.py", line 61, in _wrapfunc
    return bound(*args, **kwds)
TypeError: clip() received an invalid combination of arguments - got (int, int, out=NoneType), but expected one of:
 * (Tensor min, Tensor max)
 * (Number min, Number max)


During handling of the above exception, another exception occurred:

Traceback (most recent call last):
  File "run_nerf.py", line 938, in <module>
    train()
  File "run_nerf.py", line 888, in train
    image = to8b(image)#.permute(2,0,1))
  File "/scratch/vb2386/Documents/nerf-pytorch/run_nerf_helpers.py", line 11, in <lambda>
    to8b = lambda x : (255*np.clip(x,0,1)).astype(np.uint8)#lambda x: (255 * np.clip(x.cpu().detach().numpy(), 0, 1)).astype(np.uint8)
  File "<__array_function__ internals>", line 5, in clip
  File "/share/apps/anaconda3/2020.07/lib/python3.8/site-packages/numpy/core/fromnumeric.py", line 2084, in clip
    return _wrapfunc(a, 'clip', a_min, a_max, out=out, **kwargs)
  File "/share/apps/anaconda3/2020.07/lib/python3.8/site-packages/numpy/core/fromnumeric.py", line 70, in _wrapfunc
    return _wrapit(obj, method, *args, **kwds)
  File "/share/apps/anaconda3/2020.07/lib/python3.8/site-packages/numpy/core/fromnumeric.py", line 47, in _wrapit
    result = getattr(asarray(obj), method)(*args, **kwds)
  File "/share/apps/anaconda3/2020.07/lib/python3.8/site-packages/numpy/core/_asarray.py", line 85, in asarray
    return array(a, dtype, copy=False, order=order)
  File "/scratch/vb2386/Documents/nerf-pytorch/venv/lib/python3.8/site-packages/torch/_tensor.py", line 1062, in __array__
    return self.numpy()
TypeError: can't convert cuda:0 device type tensor to numpy. Use Tensor.cpu() to copy the tensor to host memory first.
